<?xml version="1.0" encoding="UTF-8"?>
<testsuite xmlns:xsi="http://www.w3.org/2001/XMLSchema-instance" xsi:noNamespaceSchemaLocation="https://maven.apache.org/surefire/maven-surefire-plugin/xsd/surefire-test-report-3.0.xsd" version="3.0" name="org.hisp.dhis.integration.camel.route.HelloWorldRouteBuilderFunctionalTestCase" time="28.928" tests="1" errors="0" skipped="0" failures="1">
  <properties>
[...]
</properties>
  <testcase name="testConfigure" classname="org.hisp.dhis.integration.camel.route.HelloWorldRouteBuilderFunctionalTestCase" time="2.454">
    <failure message="expected: &lt;200&gt; but was: &lt;null&gt;" type="org.opentest4j.AssertionFailedError"><![CDATA[org.opentest4j.AssertionFailedError: expected: <200> but was: <null>
	at org.junit.jupiter.api.AssertionFailureBuilder.build(AssertionFailureBuilder.java:151)
	at org.junit.jupiter.api.AssertionFailureBuilder.buildAndThrow(AssertionFailureBuilder.java:132)
	at org.junit.jupiter.api.AssertEquals.failNotEqual(AssertEquals.java:197)
	at org.junit.jupiter.api.AssertEquals.assertEquals(AssertEquals.java:182)
	at org.junit.jupiter.api.AssertEquals.assertEquals(AssertEquals.java:177)
	at org.junit.jupiter.api.Assertions.assertEquals(Assertions.java:1145)
	at org.hisp.dhis.integration.camel.route.HelloWorldRouteBuilderFunctionalTestCase.testConfigure(HelloWorldRouteBuilderFunctionalTestCase.java:67)
	at java.base/java.lang.reflect.Method.invoke(Method.java:569)
	at java.base/java.util.ArrayList.forEach(ArrayList.java:1511)
	at java.base/java.util.ArrayList.forEach(ArrayList.java:1511)
]]></failure>
    <system-out><![CDATA[14:36:53.711 [main] INFO org.springframework.test.context.support.AnnotationConfigContextLoaderUtils -- Could not detect default configuration classes for test class [org.hisp.dhis.integration.camel.route.HelloWorldRouteBuilderFunctionalTestCase]: HelloWorldRouteBuilderFunctionalTestCase does not declare any static, non-private, non-final, nested classes annotated with @Configuration.
14:36:53.785 [main] INFO org.springframework.boot.test.context.SpringBootTestContextBootstrapper -- Found @SpringBootConfiguration org.hisp.dhis.integration.camel.Application for test class org.hisp.dhis.integration.camel.route.HelloWorldRouteBuilderFunctionalTestCase
14:36:53.876 [main] INFO org.testcontainers.images.PullPolicy -- Image pull policy will be performed by: DefaultPullPolicy()
14:36:53.877 [main] INFO org.testcontainers.utility.ImageNameSubstitutor -- Image name substitution will be performed by: DefaultImageNameSubstitutor (composite of 'ConfigurationFileImageNameSubstitutor' and 'PrefixingImageNameSubstitutor')
14:36:53.977 [main] INFO org.testcontainers.dockerclient.DockerClientProviderStrategy -- Loaded org.testcontainers.dockerclient.UnixSocketClientProviderStrategy from ~/.testcontainers.properties, will try it first
14:36:54.135 [main] INFO org.testcontainers.dockerclient.DockerClientProviderStrategy -- Found Docker environment with local Unix socket (unix:///var/run/docker.sock)
14:36:54.136 [main] INFO org.testcontainers.DockerClientFactory -- Docker host IP address is localhost
14:36:54.145 [main] INFO org.testcontainers.DockerClientFactory -- Connected to docker: 
  Server Version: 27.2.1
  API Version: 1.47
  Operating System: Ubuntu 22.04.5 LTS
  Total Memory: 31857 MB
14:36:54.158 [main] INFO tc.testcontainers/ryuk:0.7.0 -- Creating container for image: testcontainers/ryuk:0.7.0
14:36:54.160 [main] INFO org.testcontainers.utility.RegistryAuthLocator -- Failure when attempting to lookup auth config. Please ignore if you don't have images in an authenticated registry. Details: (dockerImageName: testcontainers/ryuk:0.7.0, configFile: /home/cjmamo/.docker/config.json, configEnv: DOCKER_AUTH_CONFIG). Falling back to docker-java default behaviour. Exception message: Status 404: No config supplied. Checked in order: /home/cjmamo/.docker/config.json (file not found), DOCKER_AUTH_CONFIG (not set)
14:36:54.333 [main] INFO tc.testcontainers/ryuk:0.7.0 -- Container testcontainers/ryuk:0.7.0 is starting: 1b3a851939883b7dd1c32309b1a8d89c172fa7755d833b3091efa135f76817c0
14:36:54.599 [main] INFO tc.testcontainers/ryuk:0.7.0 -- Container testcontainers/ryuk:0.7.0 started in PT0.441361832S
14:36:54.602 [main] INFO org.testcontainers.utility.RyukResourceReaper -- Ryuk started - will monitor and terminate Testcontainers containers on JVM exit
14:36:54.602 [main] INFO org.testcontainers.DockerClientFactory -- Checking the system...
14:36:54.602 [main] INFO org.testcontainers.DockerClientFactory -- ✔︎ Docker server version should be at least 1.6.0
14:36:54.603 [main] INFO tc.hapiproject/hapi:v7.4.0-tomcat -- Creating container for image: hapiproject/hapi:v7.4.0-tomcat
14:36:54.700 [main] INFO tc.hapiproject/hapi:v7.4.0-tomcat -- Container hapiproject/hapi:v7.4.0-tomcat is starting: b847ffa0e8e1d60c18efeab15a760cdbcb3754a4b414176329ca4b4acc5d62de
14:36:54.915 [main] INFO org.testcontainers.containers.wait.strategy.HttpWaitStrategy -- /compassionate_diffie: Waiting for 120 seconds for URL: http://localhost:32971/ (where port 32971 maps to container port 8080)
14:37:16.747 [main] INFO tc.hapiproject/hapi:v7.4.0-tomcat -- Container hapiproject/hapi:v7.4.0-tomcat started in PT22.144321758S
14:37:16.757 [main] INFO org.apache.camel.test.spring.junit5.CamelSpringBootExecutionListener -- CamelSpringBootExecutionListener preparing: class org.hisp.dhis.integration.camel.route.HelloWorldRouteBuilderFunctionalTestCase
14:37:16.763 [main] INFO org.apache.camel.test.spring.junit5.CamelAnnotationsHandler -- Disabling Camel JMX globally for tests by default. Use the DisableJMX annotation to override the default setting.

  .   ____          _            __ _ _
 /\\ / ___'_ __ _ _(_)_ __  __ _ \ \ \ \
( ( )\___ | '_ | '_| | '_ \/ _` | \ \ \ \
 \\/  ___)| |_)| | | | | || (_| |  ) ) ) )
  '  |____| .__|_| |_|_| |_\__, | / / / /
 =========|_|==============|___/=/_/_/_/

 :: Spring Boot ::                (v3.3.4)

2024-09-24T14:37:17.213+02:00  WARN 614579 --- [           main] ory$DuplicateJsonObjectContextCustomizer : 

Found multiple occurrences of org.json.JSONObject on the class path:

	jar:file:/home/cjmamo/.m2/repository/org/json/json/20240303/json-20240303.jar!/org/json/JSONObject.class
	jar:file:/home/cjmamo/.m2/repository/com/vaadin/external/google/android-json/0.0.20131108.vaadin1/android-json-0.0.20131108.vaadin1.jar!/org/json/JSONObject.class

You may wish to exclude one of them to ensure predictable runtime behavior

2024-09-24T14:37:17.227+02:00  INFO 614579 --- [           main] HelloWorldRouteBuilderFunctionalTestCase : Starting HelloWorldRouteBuilderFunctionalTestCase using Java 17.0.12 with PID 614579 (started by cjmamo in /home/cjmamo/scm/dhis2/reference-fhir-civil-registry-lookup/oauth-route-middleware)
2024-09-24T14:37:17.228+02:00  INFO 614579 --- [           main] HelloWorldRouteBuilderFunctionalTestCase : No active profile set, falling back to 1 default profile: "default"
2024-09-24T14:37:18.522+02:00  INFO 614579 --- [           main] o.s.b.w.embedded.tomcat.TomcatWebServer  : Tomcat initialized with port 0 (http)
2024-09-24T14:37:18.530+02:00  INFO 614579 --- [           main] o.apache.catalina.core.StandardService   : Starting service [Tomcat]
2024-09-24T14:37:18.531+02:00  INFO 614579 --- [           main] o.apache.catalina.core.StandardEngine    : Starting Servlet engine: [Apache Tomcat/10.1.30]
2024-09-24T14:37:18.581+02:00  INFO 614579 --- [           main] o.a.c.c.C.[Tomcat].[localhost].[/]       : Initializing Spring embedded WebApplicationContext
2024-09-24T14:37:18.581+02:00  INFO 614579 --- [           main] w.s.c.ServletWebServerApplicationContext : Root WebApplicationContext: initialization completed in 1199 ms
2024-09-24T14:37:18.701+02:00  INFO 614579 --- [           main] o.s.b.a.e.web.ServletEndpointRegistrar   : Registered '/management/jolokia' to jolokia-actuator-endpoint
2024-09-24T14:37:18.712+02:00  INFO 614579 --- [           main] io.hawt.HawtioContextListener            : Initialising Hawtio services
2024-09-24T14:37:18.747+02:00  INFO 614579 --- [           main] io.hawt.jmx.JmxTreeWatcher               : Welcome to Hawtio 4.0.0
2024-09-24T14:37:18.749+02:00  INFO 614579 --- [           main] i.h.w.auth.AuthenticationConfiguration   : Authentication throttling is enabled
2024-09-24T14:37:18.763+02:00  INFO 614579 --- [           main] i.h.w.auth.AuthenticationConfiguration   : Starting hawtio authentication filter, JAAS authentication disabled
2024-09-24T14:37:18.769+02:00  INFO 614579 --- [           main] io.hawt.web.auth.LoginRedirectFilter     : Hawtio loginRedirectFilter is using 1800 sec. HttpSession timeout
2024-09-24T14:37:19.033+02:00  WARN 614579 --- [           main] .s.s.UserDetailsServiceAutoConfiguration : 

Using generated security password: 71b1c7d5-8e61-4c3e-8513-7d3113e2f807

This generated password is for development use only. Your security configuration must be updated before running your application in production.

2024-09-24T14:37:19.045+02:00  INFO 614579 --- [           main] r$InitializeUserDetailsManagerConfigurer : Global AuthenticationManager configured with UserDetailsService bean with name inMemoryUserDetailsManager
2024-09-24T14:37:19.298+02:00  INFO 614579 --- [           main] o.s.b.a.e.web.EndpointLinksResolver      : Exposing 18 endpoints beneath base path '/management'
2024-09-24T14:37:19.339+02:00  INFO 614579 --- [           main] ca.uhn.fhir.util.VersionUtil             : HAPI FHIR version 7.4.0 - Rev 71e9af61cf
2024-09-24T14:37:19.342+02:00  INFO 614579 --- [           main] ca.uhn.fhir.context.FhirContext          : Creating new FHIR context for FHIR version [R4]
2024-09-24T14:37:19.477+02:00  INFO 614579 --- [           main] ca.uhn.fhir.util.XmlUtil                 : Unable to determine StAX implementation: java.xml/META-INF/MANIFEST.MF not found
2024-09-24T14:37:19.905+02:00  INFO 614579 --- [           main] o.a.c.c.s.CamelHttpTransportServlet      : Initialized CamelHttpTransportServlet[name=CamelServlet, contextPath=]
2024-09-24T14:37:19.906+02:00  INFO 614579 --- [           main] o.s.b.w.embedded.tomcat.TomcatWebServer  : Tomcat started on port 35543 (http) with context path '/'
2024-09-24T14:37:20.024+02:00  INFO 614579 --- [           main] HelloWorldRouteBuilderFunctionalTestCase : Started HelloWorldRouteBuilderFunctionalTestCase in 3.232 seconds (process running for 26.861)
2024-09-24T14:37:20.029+02:00  INFO 614579 --- [           main] o.a.c.t.s.j.CamelAnnotationsHandler      : Setting shutdown timeout to [10 SECONDS] on CamelContext with name [camelContext].
2024-09-24T14:37:20.051+02:00  INFO 614579 --- [           main] c.t.s.j.CamelSpringBootExecutionListener : CamelSpringBootExecutionListener before: class org.hisp.dhis.integration.camel.route.HelloWorldRouteBuilderFunctionalTestCase.testConfigure
2024-09-24T14:37:20.052+02:00  INFO 614579 --- [           main] c.t.s.j.CamelSpringBootExecutionListener : Initialized CamelSpringBootExecutionListener now ready to start CamelContext
2024-09-24T14:37:20.052+02:00  INFO 614579 --- [           main] o.a.c.t.s.j.CamelAnnotationsHandler      : Starting CamelContext with name [camelContext].
2024-09-24T14:37:21.187+02:00  INFO 614579 --- [           main] o.a.c.impl.engine.AbstractCamelContext   : Apache Camel 4.8.0 (camel-1) is starting
2024-09-24T14:37:21.223+02:00  INFO 614579 --- [           main] ca.uhn.fhir.context.FhirContext          : Creating new FHIR context for FHIR version [R4]
2024-09-24T14:37:21.224+02:00  INFO 614579 --- [           main] c.s.b.CamelSpringBootApplicationListener : Starting CamelMainRunController to ensure the main thread keeps running
2024-09-24T14:37:21.224+02:00  INFO 614579 --- [inRunController] org.apache.camel.main.MainSupport        : Apache Camel (Main) 4.8.0 is starting
2024-09-24T14:37:21.226+02:00  INFO 614579 --- [           main] o.a.c.impl.engine.AbstractCamelContext   : Routes startup (total:1 rest-dsl:1)
2024-09-24T14:37:21.227+02:00  INFO 614579 --- [           main] o.a.c.impl.engine.AbstractCamelContext   :     Started route1 (rest://post:/find)
2024-09-24T14:37:21.227+02:00  INFO 614579 --- [           main] o.a.c.impl.engine.AbstractCamelContext   : Apache Camel 4.8.0 (camel-1) started in 38ms (build:0ms init:0ms start:38ms)
2024-09-24T14:37:22.440+02:00  INFO 614579 --- [1-auto-1-exec-1] o.a.c.c.C.[Tomcat].[localhost].[/]       : Initializing Spring DispatcherServlet 'dispatcherServlet'
2024-09-24T14:37:22.441+02:00  INFO 614579 --- [1-auto-1-exec-1] o.s.web.servlet.DispatcherServlet        : Initializing Servlet 'dispatcherServlet'
2024-09-24T14:37:22.442+02:00  INFO 614579 --- [1-auto-1-exec-1] o.s.web.servlet.DispatcherServlet        : Completed initialization in 1 ms
!!!!!!!!!!!!!!!!null
2024-09-24T14:37:22.495+02:00  INFO 614579 --- [           main] HelloWorldRouteBuilderFunctionalTestCase : ********************************************************************************
2024-09-24T14:37:22.495+02:00  INFO 614579 --- [           main] HelloWorldRouteBuilderFunctionalTestCase : Testing done: testConfigure (org.hisp.dhis.integration.camel.route.HelloWorldRouteBuilderFunctionalTestCase)
2024-09-24T14:37:22.495+02:00  INFO 614579 --- [           main] HelloWorldRouteBuilderFunctionalTestCase : Took: 1s266ms (1266 millis)
2024-09-24T14:37:22.496+02:00  INFO 614579 --- [           main] HelloWorldRouteBuilderFunctionalTestCase : ********************************************************************************
2024-09-24T14:37:22.496+02:00  INFO 614579 --- [           main] c.t.s.j.CamelSpringBootExecutionListener : CamelSpringBootExecutionListener after: class org.hisp.dhis.integration.camel.route.HelloWorldRouteBuilderFunctionalTestCase.testConfigure
]]></system-out>
  </testcase>
</testsuite>